2024-11-24 14:16:32,681 - ERROR - Error de validación: El tipo debe ser 'entrada' o 'salida'.
2024-11-24 14:17:21,752 - INFO - Marcación registrada: Usuario=miyar, Tipo=entrada, Fecha=2024-11-24, Hora=14:17:20
2024-11-24 14:17:28,566 - INFO - Marcación registrada: Usuario=miyar, Tipo=salida, Fecha=2024-11-24, Hora=14:17:27
2024-11-24 14:37:34,002 - INFO - Marcación registrada: Usuario=miyar, Tipo=entrada, Fecha=2024-11-24, Hora=14:37:32
2024-11-24 14:41:36,402 - INFO - Marcación registrada: Usuario=miyar, Tipo=entrada, Fecha=2024-11-24, Hora=14:41:34
2024-11-24 14:47:35,563 - INFO - Marcación registrada: Usuario=miyar, Tipo=entrada, Fecha=2024-11-24, Hora=14:47:34
2024-11-24 14:49:05,824 - INFO - Marcación registrada: Usuario=miyar, Tipo=entrada, Fecha=2024-11-24, Hora=14:49:04
2024-11-24 14:56:31,736 - INFO - Marcación registrada: Usuario=miyar, Tipo=entrada, Fecha=2024-11-24, Hora=14:56:30
2024-11-24 15:00:01,806 - INFO - Marcación registrada: Usuario=miyar, Tipo=entrada, Fecha=2024-11-24, Hora=15:00:00
2024-11-24 15:32:22,112 - INFO - Marcación registrada: Usuario=miyar, Tipo=entrada, Fecha=2024-11-24, Hora=15:32:20
2024-11-24 15:33:52,864 - INFO - Marcación registrada: Usuario=miyar, Tipo=entrada, Fecha=2024-11-24, Hora=15:33:51
2024-11-24 15:34:04,896 - INFO - Marcación registrada: Usuario=miyar, Tipo=entrada, Fecha=2024-11-24, Hora=15:34:03
2024-11-24 15:34:32,132 - INFO - Marcación registrada: Usuario=miyar, Tipo=entrada, Fecha=2024-11-24, Hora=15:34:30
2024-11-24 15:37:24,771 - INFO - Marcación registrada: Usuario=miyar, Tipo=entrada, Fecha=2024-11-24, Hora=15:37:23
2024-11-24 15:51:39,989 - INFO - Marcación registrada: Usuario=miyar, Tipo=entrada, Fecha=2024-11-24, Hora=15:51:37
2024-11-24 15:57:48,803 - INFO - Marcación registrada: Usuario=miyar, Tipo=entrada, Fecha=2024-11-24, Hora=15:57:47
2024-11-24 15:58:37,631 - INFO - Marcación registrada: Usuario=miyar, Tipo=entrada, Fecha=2024-11-24, Hora=15:58:36
2024-11-24 16:00:46,954 - INFO - Marcación registrada en la base de datos: Usuario=miyar, Tipo=entrada, Fecha=2024-11-24, Hora=16:00:45
2024-11-24 16:00:58,052 - INFO - Marcación registrada en la base de datos: Usuario=miyar, Tipo=entrada, Fecha=2024-11-24, Hora=16:00:56
2024-11-24 16:03:59,734 - INFO - Marcación registrada: Usuario=miyar, Tipo=entrada, Fecha=2024-11-24, Hora=16:03:58
2024-11-24 16:06:06,361 - INFO - Marcación registrada: Usuario=miyar, Tipo=entrada, Fecha=2024-11-24, Hora=16:06:05
2024-11-24 16:06:15,659 - INFO - Marcación registrada: Usuario=miyar, Tipo=entrada, Fecha=2024-11-24, Hora=16:06:14
2024-11-24 16:06:22,498 - INFO - Marcación registrada: Usuario=miyar, Tipo=salida, Fecha=2024-11-24, Hora=16:06:21
2024-11-24 16:09:07,696 - INFO - Marcación registrada: Usuario=miyar, Tipo=entrada, Fecha=2024-11-24, Hora=16:09:06
2024-11-24 16:09:28,477 - INFO - Marcación registrada: Usuario=miyar, Tipo=entrada, Fecha=2024-11-24, Hora=16:09:27
2024-11-24 16:12:17,981 - INFO - Marcación registrada: Usuario=miyar, Tipo=entrada, Fecha=2024-11-24, Hora=16:12:16
2024-11-24 16:14:31,725 - INFO - Marcación registrada: Usuario=miyar, Tipo=entrada, Fecha=2024-11-24, Hora=16:14:30
2024-11-24 16:14:35,246 - INFO - Marcación registrada: Usuario=miyar, Tipo=salida, Fecha=2024-11-24, Hora=16:14:34
2024-11-24 16:43:32,613 - INFO - Marcación registrada: Usuario=miyar, Tipo=entrada, Fecha=2024-11-24, Hora=16:43:31
2024-11-24 16:43:39,311 - INFO - Marcación registrada: Usuario=miyar, Tipo=entrada, Fecha=2024-11-24, Hora=16:43:38
2024-11-24 16:43:45,593 - INFO - Marcación registrada: Usuario=miyar, Tipo=entrada, Fecha=2024-11-24, Hora=16:43:44
2024-11-24 23:19:06,319 - INFO - Marcación registrada: Usuario=miyar, Tipo=entrada, Fecha=2024-11-24, Hora=23:19:04
2024-11-24 23:19:10,113 - INFO - Marcación registrada: Usuario=miyar, Tipo=salida, Fecha=2024-11-24, Hora=23:19:08
2024-11-24 23:20:11,553 - INFO - Marcación registrada: Usuario=miyar, Tipo=entrada, Fecha=2024-11-24, Hora=23:20:10
2024-11-24 23:20:25,681 - INFO - Marcación registrada: Usuario=miyar, Tipo=salida, Fecha=2024-11-24, Hora=23:20:24
2024-11-24 23:24:07,507 - INFO - Marcación registrada: Usuario=miyar, Tipo=entrada, Fecha=2024-11-24, Hora=23:24:06
2024-11-24 23:25:30,036 - INFO - Marcación registrada: Usuario=miyar, Tipo=entrada, Fecha=2024-11-24, Hora=23:25:28
2024-11-24 23:25:34,265 - INFO - Marcación registrada: Usuario=miyar, Tipo=salida, Fecha=2024-11-24, Hora=23:25:32
2024-11-24 23:25:39,224 - INFO - Marcación registrada: Usuario=miyar, Tipo=entrada, Fecha=2024-11-24, Hora=23:25:37
2024-11-24 23:25:42,776 - INFO - Marcación registrada: Usuario=miyar, Tipo=entrada, Fecha=2024-11-24, Hora=23:25:41
2024-11-24 23:25:45,731 - INFO - Marcación registrada: Usuario=miyar, Tipo=entrada, Fecha=2024-11-24, Hora=23:25:44
2024-11-24 23:25:48,773 - INFO - Marcación registrada: Usuario=miyar, Tipo=entrada, Fecha=2024-11-24, Hora=23:25:47
2024-11-24 23:25:51,728 - INFO - Marcación registrada: Usuario=miyar, Tipo=entrada, Fecha=2024-11-24, Hora=23:25:50
2024-11-24 23:25:58,430 - INFO - Marcación registrada: Usuario=miyar, Tipo=entrada, Fecha=2024-11-24, Hora=23:25:57
2024-11-24 23:26:02,512 - INFO - Marcación registrada: Usuario=miyar, Tipo=salida, Fecha=2024-11-24, Hora=23:26:01
2024-11-24 23:26:05,977 - INFO - Marcación registrada: Usuario=miyar, Tipo=entrada, Fecha=2024-11-24, Hora=23:26:04
2024-11-24 23:26:09,603 - INFO - Marcación registrada: Usuario=miyar, Tipo=salida, Fecha=2024-11-24, Hora=23:26:08
2024-11-24 23:27:52,227 - INFO - Marcación registrada: Usuario=miyar, Tipo=salida, Fecha=2024-11-24, Hora=23:27:50
2024-11-24 23:52:12,609 - INFO - Marcación registrada: Usuario=miyar, Tipo=entrada, Fecha=2024-11-24, Hora=23:52:11
2024-11-24 23:52:31,674 - INFO - Marcación registrada: Usuario=miyar, Tipo=salida, Fecha=2024-11-24, Hora=23:52:30
2024-11-27 00:22:24,304 - INFO - Marcación registrada: Usuario=miyar, Tipo=entrada, Fecha=2024-11-27, Hora=00:22:22
2024-11-27 00:22:45,022 - INFO - Marcación registrada: Usuario=miyar, Tipo=salida, Fecha=2024-11-27, Hora=00:22:43
2024-11-28 21:27:01,173 - INFO - Marcación registrada: Usuario=miyar, Tipo=salida, Fecha=2024-11-28, Hora=21:26:59
2024-11-29 08:48:25,820 - INFO - Marcación registrada: Usuario=miyar, Tipo=salida, Fecha=2024-11-29, Hora=08:48:24
2024-11-29 09:05:18,852 - INFO - Marcación registrada: Usuario=miyar, Tipo=salida, Fecha=2024-11-29, Hora=09:05:17
2024-11-29 11:03:49,163 - WARNING - La marcación ya existe o hubo un error en la base de datos.
2024-11-29 11:03:55,369 - WARNING - La marcación ya existe o hubo un error en la base de datos.
2024-11-29 11:04:03,353 - WARNING - La marcación ya existe o hubo un error en la base de datos.
2024-11-29 11:05:36,977 - WARNING - La marcación ya existe o hubo un error en la base de datos.
2024-11-29 11:09:48,692 - WARNING - La marcación ya existe o hubo un error en la base de datos.
2024-11-29 11:26:19,979 - WARNING - La marcación ya existe o hubo un error en la base de datos.
2024-11-29 11:35:46,523 - WARNING - La marcación ya existe o hubo un error en la base de datos.
2024-11-29 11:40:07,150 - WARNING - La marcación ya existe o hubo un error en la base de datos.
2024-11-29 11:43:02,330 - WARNING - La marcación ya existe o hubo un error en la base de datos.
2024-11-29 12:19:45,968 - WARNING - La marcación ya existe o hubo un error en la base de datos.
2024-11-29 12:20:33,178 - INFO - Marcación registrada: Usuario=miyar, Tipo=entrada, Fecha=2024-11-29, Hora=12:20:31
2024-11-30 07:37:57,011 - INFO - Marcación registrada: Usuario=miyar, Tipo=entrada, Fecha=2024-11-30, Hora=07:37:55
2024-11-30 07:38:00,691 - INFO - Marcación registrada: Usuario=miyar, Tipo=salida, Fecha=2024-11-30, Hora=07:37:59
2024-11-30 07:48:47,938 - INFO - Marcación registrada: Usuario=miyar, Tipo=entrada, Fecha=2024-11-30, Hora=07:48:46
2024-11-30 07:48:52,612 - INFO - Marcación registrada: Usuario=miyar, Tipo=salida, Fecha=2024-11-30, Hora=07:48:51
2024-11-30 07:53:54,890 - INFO - Marcación registrada: Usuario=miyar, Tipo=entrada, Fecha=2024-11-30, Hora=07:53:53
2024-11-30 07:53:59,383 - INFO - Marcación registrada: Usuario=miyar, Tipo=salida, Fecha=2024-11-30, Hora=07:53:57
2024-11-30 12:45:19,263 - INFO - Marcación registrada: Usuario=miyar, Tipo=entrada, Fecha=2024-11-30, Hora=12:45:14
2024-11-30 12:45:35,625 - INFO - Marcación registrada: Usuario=miyar, Tipo=salida, Fecha=2024-11-30, Hora=12:45:31
2024-11-30 12:50:05,195 - WARNING - La marcación ya existe o hubo un error en la base de datos.
2024-11-30 12:52:32,850 - WARNING - La marcación ya existe o hubo un error en la base de datos.
2024-11-30 12:53:51,585 - INFO - Marcación registrada: Usuario=miyar, Tipo=entrada, Fecha=2024-11-30, Hora=12:53:47
2024-11-30 13:12:46,981 - INFO - Marcación registrada: Usuario=miyar, Tipo=entrada, Fecha=2024-11-30, Hora=13:12:43
2024-11-30 13:26:42,194 - WARNING - La marcación ya existe o hubo un error en la base de datos.
2024-11-30 13:31:53,309 - WARNING - La marcación ya existe o hubo un error en la base de datos.
2024-11-30 13:31:56,640 - WARNING - La marcación ya existe o hubo un error en la base de datos.
2024-11-30 13:35:26,145 - INFO - Marcación registrada: Usuario=miyar, Tipo=entrada, Fecha=2024-11-30, Hora=13:35:23
2024-11-30 13:35:33,061 - INFO - Marcación registrada: Usuario=miyar, Tipo=salida, Fecha=2024-11-30, Hora=13:35:29
2024-11-30 13:37:28,789 - INFO - Marcación registrada: Usuario=miyar, Tipo=entrada, Fecha=2024-11-30, Hora=13:37:25
2024-11-30 14:15:14,538 - INFO - Marcación registrada: Usuario=miyar, Tipo=entrada, Fecha=2024-11-30, Hora=14:15:09
2024-11-30 14:16:45,051 - INFO - Marcación registrada: Usuario=miyar, Tipo=salida, Fecha=2024-11-30, Hora=14:16:38
2024-11-30 14:17:12,648 - INFO - Marcación registrada: Usuario=miyar, Tipo=salida, Fecha=2024-11-30, Hora=14:17:06
2024-12-01 14:46:14,261 - WARNING - La marcación ya existe o hubo un error en la base de datos.
2024-12-01 14:46:18,113 - WARNING - La marcación ya existe o hubo un error en la base de datos.
2024-12-01 18:06:43,055 - INFO - Marcación guardada localmente: Usuario=miyar, Tipo=entrada, Fecha=2024-12-01, Hora=18:06:41
2024-12-01 18:06:43,059 - INFO - Marcación registrada: Usuario=miyar, Tipo=entrada, Fecha=2024-12-01, Hora=18:06:41
2024-12-01 18:06:47,565 - INFO - Marcación guardada localmente: Usuario=miyar, Tipo=salida, Fecha=2024-12-01, Hora=18:06:46
2024-12-01 18:06:47,565 - INFO - Marcación registrada: Usuario=miyar, Tipo=salida, Fecha=2024-12-01, Hora=18:06:46
2024-12-01 18:19:09,614 - WARNING - Marcación duplicada o error en la base de datos para Usuario=miyar, Tipo=entrada.
2024-12-01 23:30:49,722 - INFO - Marcación guardada localmente: Usuario=miyar, Tipo=entrada, Fecha=2024-12-01, Hora=23:30:48
2024-12-01 23:30:49,724 - INFO - Marcación registrada: Usuario=miyar, Tipo=entrada, Fecha=2024-12-01, Hora=23:30:48
2024-12-01 23:30:54,022 - INFO - Marcación guardada localmente: Usuario=miyar, Tipo=salida, Fecha=2024-12-01, Hora=23:30:52
2024-12-01 23:30:54,036 - INFO - Marcación registrada: Usuario=miyar, Tipo=salida, Fecha=2024-12-01, Hora=23:30:52
2024-12-01 23:37:39,428 - WARNING - Marcación duplicada o error en la base de datos para Usuario=miyar, Tipo=entrada.
2024-12-01 23:37:43,389 - WARNING - Marcación duplicada o error en la base de datos para Usuario=miyar, Tipo=entrada.
2024-12-01 23:39:13,435 - INFO - Marcación guardada localmente: Usuario=miyar, Tipo=entrada, Fecha=2024-12-01, Hora=23:39:12
2024-12-01 23:39:13,435 - INFO - Marcación registrada: Usuario=miyar, Tipo=entrada, Fecha=2024-12-01, Hora=23:39:12
